Traceback (most recent call last):
  File "/opt/hostedtoolcache/Python/3.9.12/x64/lib/python3.9/site-packages/jupyter_cache/executors/utils.py", line 58, in single_nb_execution
    executenb(
  File "/opt/hostedtoolcache/Python/3.9.12/x64/lib/python3.9/site-packages/nbclient/client.py", line 1204, in execute
    return NotebookClient(nb=nb, resources=resources, km=km, **kwargs).execute()
  File "/opt/hostedtoolcache/Python/3.9.12/x64/lib/python3.9/site-packages/nbclient/util.py", line 84, in wrapped
    return just_run(coro(*args, **kwargs))
  File "/opt/hostedtoolcache/Python/3.9.12/x64/lib/python3.9/site-packages/nbclient/util.py", line 62, in just_run
    return loop.run_until_complete(coro)
  File "/opt/hostedtoolcache/Python/3.9.12/x64/lib/python3.9/asyncio/base_events.py", line 647, in run_until_complete
    return future.result()
  File "/opt/hostedtoolcache/Python/3.9.12/x64/lib/python3.9/site-packages/nbclient/client.py", line 663, in async_execute
    await self.async_execute_cell(
  File "/opt/hostedtoolcache/Python/3.9.12/x64/lib/python3.9/site-packages/nbclient/client.py", line 965, in async_execute_cell
    await self._check_raise_for_error(cell, cell_index, exec_reply)
  File "/opt/hostedtoolcache/Python/3.9.12/x64/lib/python3.9/site-packages/nbclient/client.py", line 862, in _check_raise_for_error
    raise CellExecutionError.from_cell_and_msg(cell, exec_reply_content)
nbclient.exceptions.CellExecutionError: An error occurred while executing the following cell:
------------------
from napari.utils import nbscreenshot

viewer.window._qt_window.resize(750, 550)
nbscreenshot(viewer, alt_text=" ")
------------------

[0;31m---------------------------------------------------------------------------[0m
[0;31mParserError[0m                               Traceback (most recent call last)
Input [0;32mIn [3][0m, in [0;36m<cell line: 4>[0;34m()[0m
[1;32m      1[0m [38;5;28;01mfrom[39;00m [38;5;21;01mnapari[39;00m[38;5;21;01m.[39;00m[38;5;21;01mutils[39;00m [38;5;28;01mimport[39;00m nbscreenshot
[1;32m      3[0m viewer[38;5;241m.[39mwindow[38;5;241m.[39m_qt_window[38;5;241m.[39mresize([38;5;241m750[39m, [38;5;241m550[39m)
[0;32m----> 4[0m [43mnbscreenshot[49m[43m([49m[43mviewer[49m[43m,[49m[43m [49m[43malt_text[49m[38;5;241;43m=[39;49m[38;5;124;43m"[39;49m[38;5;124;43m [39;49m[38;5;124;43m"[39;49m[43m)[49m

File [0;32m~/work/napari/napari/napari/utils/notebook_display.py:73[0m, in [0;36mNotebookScreenshot.__init__[0;34m(self, viewer, canvas_only, alt_text)[0m
[1;32m     71[0m [38;5;28mself[39m[38;5;241m.[39mcanvas_only [38;5;241m=[39m canvas_only
[1;32m     72[0m [38;5;28mself[39m[38;5;241m.[39mimage [38;5;241m=[39m [38;5;28;01mNone[39;00m
[0;32m---> 73[0m [38;5;28mself[39m[38;5;241m.[39malt_text [38;5;241m=[39m [38;5;28;43mself[39;49m[38;5;241;43m.[39;49m[43m_clean_alt_text[49m[43m([49m[43malt_text[49m[43m)[49m

File [0;32m~/work/napari/napari/napari/utils/notebook_display.py:89[0m, in [0;36mNotebookScreenshot._clean_alt_text[0;34m(self, alt_text)[0m
[1;32m     85[0m alt_text [38;5;241m=[39m html[38;5;241m.[39munescape(
[1;32m     86[0m     [38;5;28mstr[39m(alt_text)
[1;32m     87[0m )  [38;5;66;03m# cleaner won't recognize unescaped script tags[39;00m
[1;32m     88[0m cleaner [38;5;241m=[39m Cleaner()
[0;32m---> 89[0m doc [38;5;241m=[39m [43mdocument_fromstring[49m[43m([49m[43malt_text[49m[43m)[49m
[1;32m     90[0m alt_text [38;5;241m=[39m cleaner[38;5;241m.[39mclean_html(doc)[38;5;241m.[39mtext_content()
[1;32m     91[0m [38;5;66;03m# alt_text = html.escape(alt_text)[39;00m

File [0;32m/opt/hostedtoolcache/Python/3.9.12/x64/lib/python3.9/site-packages/lxml/html/__init__.py:763[0m, in [0;36mdocument_fromstring[0;34m(html, parser, ensure_head_body, **kw)[0m
[1;32m    761[0m value [38;5;241m=[39m etree[38;5;241m.[39mfromstring(html, parser, [38;5;241m*[39m[38;5;241m*[39mkw)
[1;32m    762[0m [38;5;28;01mif[39;00m value [38;5;129;01mis[39;00m [38;5;28;01mNone[39;00m:
[0;32m--> 763[0m     [38;5;28;01mraise[39;00m etree[38;5;241m.[39mParserError(
[1;32m    764[0m         [38;5;124m"[39m[38;5;124mDocument is empty[39m[38;5;124m"[39m)
[1;32m    765[0m [38;5;28;01mif[39;00m ensure_head_body [38;5;129;01mand[39;00m value[38;5;241m.[39mfind([38;5;124m'[39m[38;5;124mhead[39m[38;5;124m'[39m) [38;5;129;01mis[39;00m [38;5;28;01mNone[39;00m:
[1;32m    766[0m     value[38;5;241m.[39minsert([38;5;241m0[39m, Element([38;5;124m'[39m[38;5;124mhead[39m[38;5;124m'[39m))

[0;31mParserError[0m: Document is empty
ParserError: Document is empty

